<?xml version="1.0" encoding="UTF-8"?>
<!-- Generated by org.testng.reporters.JUnitXMLReporter -->
<testsuite hostname="T4ublrlpusr093" ignored="0" name="Test" tests="31" failures="1" timestamp="14 Nov 2018 15:00:09 GMT" time="1197.549" errors="0">
  <testcase name="test_Home_Page_Appear_Correct" time="7.198" classname="scripts.ValidLogin"/>
  <testcase name="verifyLoginUser" time="0.711" classname="scripts.Administration"/>
  <testcase name="navigateMasterOp" time="2.51" classname="scripts.Administration"/>
  <testcase name="navigateCustomerInfoADD" time="0.379" classname="scripts.CustomerInfo"/>
  <testcase name="validateCustomerAdd" time="20.452" classname="scripts.CustomerInfo"/>
  <testcase name="validateCustomerAdd" time="23.402" classname="scripts.CustomerInfo"/>
  <testcase name="validateCustomerAdd" time="20.871" classname="scripts.CustomerInfo"/>
  <testcase name="validateCustomerAdd" time="21.285" classname="scripts.CustomerInfo"/>
  <testcase name="validateCustomerAdd" time="21.05" classname="scripts.CustomerInfo"/>
  <testcase name="validateCustomerAdd" time="20.832" classname="scripts.CustomerInfo"/>
  <testcase name="validateCustomerAdd" time="21.231" classname="scripts.CustomerInfo"/>
  <testcase name="validateCustomerAdd" time="20.807" classname="scripts.CustomerInfo"/>
  <testcase name="validateCustomerAdd" time="20.576" classname="scripts.CustomerInfo"/>
  <testcase name="validateCustomerAdd" time="20.609" classname="scripts.CustomerInfo"/>
  <testcase name="addCustomer" time="20.782" classname="scripts.CustomerInfo"/>
  <testcase name="updateCus" time="152.483" classname="scripts.CustomerInfo"/>
  <testcase name="deleteNoBtn" time="10.663" classname="scripts.CustomerInfo"/>
  <testcase name="deleteYesBtn" time="50.63" classname="scripts.CustomerInfo"/>
  <testcase name="navigateToPF" time="30.418" classname="scripts.CustomerInfo"/>
  <testcase name="productFeatureCheck" time="96.186" classname="scripts.CustomerInfo"/>
  <testcase name="navigateToCustomization" time="30.374" classname="scripts.CustomerInfo"/>
  <testcase name="customizationSet" time="46.38" classname="scripts.CustomerInfo">
    <failure type="org.openqa.selenium.ElementClickInterceptedException" message="Element &amp;lt;button id=&amp;quot;ext-gen88&amp;quot; class=&amp;quot; x-btn-text savebutton&amp;quot; type=&amp;quot;button&amp;quot;&amp;gt; is not clickable at point (1150.800048828125,403) because another element &amp;lt;div id=&amp;quot;ext-gen281&amp;quot; class=&amp;quot;ext-el-mask&amp;quot;&amp;gt; obscures it
Build info: version: &amp;apos;3.14.0&amp;apos;, revision: &amp;apos;aacccce0&amp;apos;, time: &amp;apos;2018-08-02T20:13:22.693Z&amp;apos;
System info: host: &amp;apos;T4UBLRLPUSR093&amp;apos;, ip: &amp;apos;10.1.1.30&amp;apos;, os.name: &amp;apos;Windows 10&amp;apos;, os.arch: &amp;apos;amd64&amp;apos;, os.version: &amp;apos;10.0&amp;apos;, java.version: &amp;apos;1.8.0_181&amp;apos;
Driver info: org.openqa.selenium.firefox.FirefoxDriver
Capabilities {acceptInsecureCerts: true, browserName: firefox, browserVersion: 63.0.1, javascriptEnabled: true, moz:accessibilityChecks: false, moz:geckodriverVersion: 0.23.0, moz:headless: false, moz:processID: 13024, moz:profile: C:\Users\CGN04\AppData\Loca..., moz:useNonSpecCompliantPointerOrigin: false, moz:webdriverClick: true, pageLoadStrategy: normal, platform: WINDOWS, platformName: WINDOWS, platformVersion: 10.0, rotatable: false, setWindowRect: true, timeouts: {implicit: 0, pageLoad: 300000, script: 30000}, unhandledPromptBehavior: dismiss and notify}
Session ID: c44551cb-c520-4fe0-8c6f-4b24033e9f27">
      <![CDATA[org.openqa.selenium.ElementClickInterceptedException: Element <button id="ext-gen88" class=" x-btn-text savebutton" type="button"> is not clickable at point (1150.800048828125,403) because another element <div id="ext-gen281" class="ext-el-mask"> obscures it
Build info: version: '3.14.0', revision: 'aacccce0', time: '2018-08-02T20:13:22.693Z'
System info: host: 'T4UBLRLPUSR093', ip: '10.1.1.30', os.name: 'Windows 10', os.arch: 'amd64', os.version: '10.0', java.version: '1.8.0_181'
Driver info: org.openqa.selenium.firefox.FirefoxDriver
Capabilities {acceptInsecureCerts: true, browserName: firefox, browserVersion: 63.0.1, javascriptEnabled: true, moz:accessibilityChecks: false, moz:geckodriverVersion: 0.23.0, moz:headless: false, moz:processID: 13024, moz:profile: C:\Users\CGN04\AppData\Loca..., moz:useNonSpecCompliantPointerOrigin: false, moz:webdriverClick: true, pageLoadStrategy: normal, platform: WINDOWS, platformName: WINDOWS, platformVersion: 10.0, rotatable: false, setWindowRect: true, timeouts: {implicit: 0, pageLoad: 300000, script: 30000}, unhandledPromptBehavior: dismiss and notify}
Session ID: c44551cb-c520-4fe0-8c6f-4b24033e9f27
at org.openqa.selenium.remote.http.W3CHttpResponseCodec.createException(W3CHttpResponseCodec.java:187)
at org.openqa.selenium.remote.http.W3CHttpResponseCodec.decode(W3CHttpResponseCodec.java:122)
at org.openqa.selenium.remote.http.W3CHttpResponseCodec.decode(W3CHttpResponseCodec.java:49)
at org.openqa.selenium.remote.HttpCommandExecutor.execute(HttpCommandExecutor.java:158)
at org.openqa.selenium.remote.service.DriverCommandExecutor.execute(DriverCommandExecutor.java:83)
at org.openqa.selenium.remote.RemoteWebDriver.execute(RemoteWebDriver.java:548)
at org.openqa.selenium.remote.RemoteWebElement.execute(RemoteWebElement.java:276)
at org.openqa.selenium.remote.RemoteWebElement.click(RemoteWebElement.java:83)
at generic.MainActivity.clickdisplayedBtn(MainActivity.java:175)
at pages.MasOperPage.cus_essen_save(MasOperPage.java:550)
at scripts.CustomerInfo.customizationSet(CustomerInfo.java:238)
... Removed 29 stack frames]]>
    </failure>
  </testcase> <!-- customizationSet -->
  <testcase name="userMange" time="89.843" classname="scripts.CustomerInfo"/>
  <testcase name="updateUser" time="49.518" classname="scripts.CustomerInfo"/>
  <testcase name="userGroupAssociation" time="72.014" classname="scripts.CustomerInfo"/>
  <testcase name="defaultAssetGroupModify" time="71.238" classname="scripts.CustomerInfo"/>
  <testcase name="validateAssetGroupAlreadyExist" time="16.015" classname="scripts.CustomerInfo"/>
  <testcase name="addAssertGroup" time="28.929" classname="scripts.CustomerInfo"/>
  <testcase name="updateGroup" time="138.657" classname="scripts.CustomerInfo"/>
  <testcase name="assertGrpFeature" time="51.825" classname="scripts.CustomerInfo"/>
  <testcase name="logout" time="6.35" classname="scripts.Logout"/>
</testsuite> <!-- Test -->
