<?xml version="1.0" encoding="UTF-8"?>
<!-- Generated by org.testng.reporters.JUnitReportReporter -->
<testsuite skipped="0" hostname="T4ublrlpusr093" name="scripts.Logout" tests="31" failures="0" timestamp="14 Nov 2018 15:00:09 GMT" time="1184.284" errors="1">
  <testcase name="test_Home_Page_Appear_Correct" time="7.198" classname="scripts.Logout"/>
  <testcase name="verifyLoginUser" time="0.711" classname="scripts.Logout"/>
  <testcase name="navigateMasterOp" time="2.510" classname="scripts.Logout"/>
  <testcase name="navigateCustomerInfoADD" time="0.379" classname="scripts.Logout"/>
  <testcase name="validateCustomerAdd" time="20.609" classname="scripts.Logout"/>
  <testcase name="validateCustomerAdd" time="20.811" classname="scripts.Logout"/>
  <testcase name="validateCustomerAdd" time="20.576" classname="scripts.Logout"/>
  <testcase name="validateCustomerAdd" time="21.051" classname="scripts.Logout"/>
  <testcase name="validateCustomerAdd" time="20.871" classname="scripts.Logout"/>
  <testcase name="validateCustomerAdd" time="21.231" classname="scripts.Logout"/>
  <testcase name="validateCustomerAdd" time="21.285" classname="scripts.Logout"/>
  <testcase name="validateCustomerAdd" time="20.832" classname="scripts.Logout"/>
  <testcase name="validateCustomerAdd" time="23.402" classname="scripts.Logout"/>
  <testcase name="validateCustomerAdd" time="20.452" classname="scripts.Logout"/>
  <testcase name="addCustomer" time="20.783" classname="scripts.Logout"/>
  <testcase name="updateCus" time="152.483" classname="scripts.Logout"/>
  <testcase name="deleteNoBtn" time="10.663" classname="scripts.Logout"/>
  <testcase name="deleteYesBtn" time="50.630" classname="scripts.Logout"/>
  <testcase name="navigateToPF" time="30.418" classname="scripts.Logout"/>
  <testcase name="productFeatureCheck" time="96.186" classname="scripts.Logout"/>
  <testcase name="navigateToCustomization" time="30.374" classname="scripts.Logout"/>
  <testcase name="customizationSet" time="46.381" classname="scripts.Logout">
    <error type="org.openqa.selenium.ElementClickInterceptedException" message="Element &lt;button id=&quot;ext-gen88&quot; class=&quot; x-btn-text savebutton&quot; type=&quot;button&quot;&gt; is not clickable at point (1150.800048828125,403) because another element &lt;div id=&quot;ext-gen281&quot; class=&quot;ext-el-mask&quot;&gt; obscures it
Build info: version: &#039;3.14.0&#039;, revision: &#039;aacccce0&#039;, time: &#039;2018-08-02T20:13:22.693Z&#039;
System info: host: &#039;T4UBLRLPUSR093&#039;, ip: &#039;10.1.1.30&#039;, os.name: &#039;Windows 10&#039;, os.arch: &#039;amd64&#039;, os.version: &#039;10.0&#039;, java.version: &#039;1.8.0_181&#039;
Driver info: org.openqa.selenium.firefox.FirefoxDriver
Capabilities {acceptInsecureCerts: true, browserName: firefox, browserVersion: 63.0.1, javascriptEnabled: true, moz:accessibilityChecks: false, moz:geckodriverVersion: 0.23.0, moz:headless: false, moz:processID: 13024, moz:profile: C:\Users\CGN04\AppData\Loca..., moz:useNonSpecCompliantPointerOrigin: false, moz:webdriverClick: true, pageLoadStrategy: normal, platform: WINDOWS, platformName: WINDOWS, platformVersion: 10.0, rotatable: false, setWindowRect: true, timeouts: {implicit: 0, pageLoad: 300000, script: 30000}, unhandledPromptBehavior: dismiss and notify}
Session ID: c44551cb-c520-4fe0-8c6f-4b24033e9f27">
      <![CDATA[org.openqa.selenium.ElementClickInterceptedException: Element <button id="ext-gen88" class=" x-btn-text savebutton" type="button"> is not clickable at point (1150.800048828125,403) because another element <div id="ext-gen281" class="ext-el-mask"> obscures it
Build info: version: '3.14.0', revision: 'aacccce0', time: '2018-08-02T20:13:22.693Z'
System info: host: 'T4UBLRLPUSR093', ip: '10.1.1.30', os.name: 'Windows 10', os.arch: 'amd64', os.version: '10.0', java.version: '1.8.0_181'
Driver info: org.openqa.selenium.firefox.FirefoxDriver
Capabilities {acceptInsecureCerts: true, browserName: firefox, browserVersion: 63.0.1, javascriptEnabled: true, moz:accessibilityChecks: false, moz:geckodriverVersion: 0.23.0, moz:headless: false, moz:processID: 13024, moz:profile: C:\Users\CGN04\AppData\Loca..., moz:useNonSpecCompliantPointerOrigin: false, moz:webdriverClick: true, pageLoadStrategy: normal, platform: WINDOWS, platformName: WINDOWS, platformVersion: 10.0, rotatable: false, setWindowRect: true, timeouts: {implicit: 0, pageLoad: 300000, script: 30000}, unhandledPromptBehavior: dismiss and notify}
Session ID: c44551cb-c520-4fe0-8c6f-4b24033e9f27
at sun.reflect.NativeConstructorAccessorImpl.newInstance0(Native Method)
at sun.reflect.NativeConstructorAccessorImpl.newInstance(Unknown Source)
at sun.reflect.DelegatingConstructorAccessorImpl.newInstance(Unknown Source)
at java.lang.reflect.Constructor.newInstance(Unknown Source)
at org.openqa.selenium.remote.http.W3CHttpResponseCodec.createException(W3CHttpResponseCodec.java:187)
at org.openqa.selenium.remote.http.W3CHttpResponseCodec.decode(W3CHttpResponseCodec.java:122)
at org.openqa.selenium.remote.http.W3CHttpResponseCodec.decode(W3CHttpResponseCodec.java:49)
at org.openqa.selenium.remote.HttpCommandExecutor.execute(HttpCommandExecutor.java:158)
at org.openqa.selenium.remote.service.DriverCommandExecutor.execute(DriverCommandExecutor.java:83)
at org.openqa.selenium.remote.RemoteWebDriver.execute(RemoteWebDriver.java:548)
at org.openqa.selenium.remote.RemoteWebElement.execute(RemoteWebElement.java:276)
at org.openqa.selenium.remote.RemoteWebElement.click(RemoteWebElement.java:83)
at generic.MainActivity.clickdisplayedBtn(MainActivity.java:175)
at pages.MasOperPage.cus_essen_save(MasOperPage.java:550)
at scripts.CustomerInfo.customizationSet(CustomerInfo.java:238)
at sun.reflect.NativeMethodAccessorImpl.invoke0(Native Method)
at sun.reflect.NativeMethodAccessorImpl.invoke(Unknown Source)
at sun.reflect.DelegatingMethodAccessorImpl.invoke(Unknown Source)
at java.lang.reflect.Method.invoke(Unknown Source)
at org.testng.internal.MethodInvocationHelper.invokeMethod(MethodInvocationHelper.java:124)
at org.testng.internal.Invoker.invokeMethod(Invoker.java:580)
at org.testng.internal.Invoker.invokeTestMethod(Invoker.java:716)
at org.testng.internal.Invoker.invokeTestMethods(Invoker.java:988)
at org.testng.internal.TestMethodWorker.invokeTestMethods(TestMethodWorker.java:125)
at org.testng.internal.TestMethodWorker.run(TestMethodWorker.java:109)
at org.testng.TestRunner.privateRun(TestRunner.java:648)
at org.testng.TestRunner.run(TestRunner.java:505)
at org.testng.SuiteRunner.runTest(SuiteRunner.java:455)
at org.testng.SuiteRunner.runSequentially(SuiteRunner.java:450)
at org.testng.SuiteRunner.privateRun(SuiteRunner.java:415)
at org.testng.SuiteRunner.run(SuiteRunner.java:364)
at org.testng.SuiteRunnerWorker.runSuite(SuiteRunnerWorker.java:52)
at org.testng.SuiteRunnerWorker.run(SuiteRunnerWorker.java:84)
at org.testng.TestNG.runSuitesSequentially(TestNG.java:1208)
at org.testng.TestNG.runSuitesLocally(TestNG.java:1137)
at org.testng.TestNG.runSuites(TestNG.java:1049)
at org.testng.TestNG.run(TestNG.java:1017)
at org.testng.remote.AbstractRemoteTestNG.run(AbstractRemoteTestNG.java:114)
at org.testng.remote.RemoteTestNG.initAndRun(RemoteTestNG.java:251)
at org.testng.remote.RemoteTestNG.main(RemoteTestNG.java:77)
]]>
    </error>
  </testcase> <!-- customizationSet -->
  <testcase name="userMange" time="89.844" classname="scripts.Logout"/>
  <testcase name="updateUser" time="49.519" classname="scripts.Logout"/>
  <testcase name="userGroupAssociation" time="72.014" classname="scripts.Logout"/>
  <testcase name="defaultAssetGroupModify" time="71.238" classname="scripts.Logout"/>
  <testcase name="validateAssetGroupAlreadyExist" time="16.015" classname="scripts.Logout"/>
  <testcase name="addAssertGroup" time="28.930" classname="scripts.Logout"/>
  <testcase name="updateGroup" time="138.713" classname="scripts.Logout"/>
  <testcase name="assertGrpFeature" time="51.825" classname="scripts.Logout"/>
  <testcase name="logout" time="6.350" classname="scripts.Logout"/>
</testsuite> <!-- scripts.Logout -->
